<?xml version="1.0" encoding="UTF-8"?><testrun duration="23825" footerText="Generated by Android Studio on 11/1/18 5:18 PM" name="ExampleUnitTest">
    <count name="total" value="1"/>
    <count name="error" value="1"/>
    <config nameIsGenerated="true" configId="AndroidJUnit" name="ExampleUnitTest">
        <extension name="coverage" enabled="false" merge="false" sample_coverage="true" runner="idea">
            <pattern>
                <option name="PATTERN" value="com.example.thanh.testscript.*"/>
                <option name="ENABLED" value="true"/>
            </pattern>
        </extension>
        <module name="app"/>
        <option name="ALTERNATIVE_JRE_PATH_ENABLED" value="false"/>
        <option name="ALTERNATIVE_JRE_PATH"/>
        <option name="PACKAGE_NAME" value="com.example.thanh.testscript"/>
        <option name="MAIN_CLASS_NAME" value="com.example.thanh.testscript.ExampleUnitTest"/>
        <option name="METHOD_NAME"/>
        <option name="TEST_OBJECT" value="class"/>
        <option name="VM_PARAMETERS" value="-ea"/>
        <option name="PARAMETERS"/>
        <option name="WORKING_DIRECTORY" value="file:///home/data/testing_kcpm/app"/>
        <option name="ENV_VARIABLES"/>
        <option name="PASS_PARENT_ENVS" value="true"/>
        <option name="TEST_SEARCH_SCOPE">
            <value defaultName="singleModule"/>
        </option>
        <envs/>
        <patterns/>
    </config>
    <root name="ExampleUnitTest" comment="com.example.thanh.testscript" location="java:suite://com.example.thanh.testscript.ExampleUnitTest">
        <output type="stdout">/opt/android-studio/jre/bin/java -ea -Didea.test.cyclic.buffer.size=1048576 -Didea.launcher.port=33027 -Didea.launcher.bin.path=/opt/android-studio/bin -Dfile.encoding=UTF-8 -classpath /opt/android-studio/lib/idea_rt.jar:/opt/android-studio/plugins/junit/lib/junit-rt.jar:/opt/android-studio/plugins/junit/lib/junit5-rt.jar:/home/cpu60058/Android/Sdk/platforms/android-28/data/res:/home/data/testing_kcpm/app/build/intermediates/classes/test/debug:/home/data/testing_kcpm/app/build/intermediates/classes/debug:/home/cpu60058/.gradle/caches/transforms-1/files-1.1/localbroadcastmanager-28.0.0.aar/d5c11ee13ca7e4438f7f8548a5b0bc34/jars/classes.jar:/home/cpu60058/.gradle/caches/transforms-1/files-1.1/support-vector-drawable-28.0.0.aar/6751cce37dcd37e779023c21862a6127/jars/classes.jar:/home/cpu60058/.gradle/caches/transforms-1/files-1.1/interpolator-28.0.0.aar/0634aaecb7e1bf11444392dd8ca47d73/jars/classes.jar:/home/cpu60058/.gradle/caches/transforms-1/files-1.1/support-core-utils-28.0.0.aar/98a20a89451c56cbf02207392bf66ca8/jars/classes.jar:/home/cpu60058/.gradle/caches/transforms-1/files-1.1/drawerlayout-28.0.0.aar/f2ec8d20d7877cea94a5803487cd48c0/jars/classes.jar:/home/cpu60058/.gradle/caches/transforms-1/files-1.1/coordinatorlayout-28.0.0.aar/c56b6416f4818c29d6304f2965be9a49/res:/home/cpu60058/.gradle/caches/transforms-1/files-1.1/coordinatorlayout-28.0.0.aar/c56b6416f4818c29d6304f2965be9a49/jars/classes.jar:/home/data/testing_kcpm/app/libs/httpcore-4.4.9.jar:/home/cpu60058/.gradle/caches/modules-2/files-2.1/org.apache.commons/commons-lang3/3.8/222fc4cf714a63f27cbdafdbd863efd0d30c8a1e/commons-lang3-3.8.jar:/home/cpu60058/.gradle/caches/modules-2/files-2.1/com.beust/jcommander/1.72/6375e521c1e11d6563d4f25a07ce124ccf8cd171/jcommander-1.72.jar:/home/cpu60058/.gradle/caches/transforms-1/files-1.1/constraint-layout-1.1.3.aar/f8f91aede0e6333756cb64eb35ee3860/res:/home/cpu60058/.gradle/caches/transforms-1/files-1.1/constraint-layout-1.1.3.aar/f8f91aede0e6333756cb64eb35ee3860/jars/classes.jar:/home/cpu60058/.gradle/caches/transforms-1/files-1.1/swiperefreshlayout-28.0.0.aar/bf5f8441422fd39378a35a4214e959c1/jars/classes.jar:/home/cpu60058/.gradle/caches/transforms-1/files-1.1/livedata-1.1.1.aar/40daed430010a8666ce191b0ee34b161/jars/classes.jar:/home/data/testing_kcpm/app/libs/commons-codec-1.10.jar:/home/cpu60058/.gradle/caches/transforms-1/files-1.1/versionedparcelable-28.0.0.aar/cca08edd99dc151bc692d0de6d15c427/jars/classes.jar:/home/cpu60058/.gradle/caches/transforms-1/files-1.1/runtime-1.1.1.aar/515dac88f9d257f9d33bb52e1c5628ff/jars/classes.jar:/home/cpu60058/.gradle/caches/transforms-1/files-1.1/loader-28.0.0.aar/5fb158701f2511b2430bcc831f7e1aba/jars/classes.jar:/home/data/testing_kcpm/app/libs/httpclient-4.5.5.jar:/home/cpu60058/.gradle/caches/transforms-1/files-1.1/viewpager-28.0.0.aar/cab4f6d1349667d2ef88e5ce51c011ed/jars/classes.jar:/home/cpu60058/.gradle/caches/modules-2/files-2.1/org.testng/testng/7.0.0-beta1/a1e3e1e6e93bd6aa5d1c7a1ff272d6807be67d3/testng-7.0.0-beta1.jar:/home/cpu60058/.gradle/caches/modules-2/files-2.1/com.android.support/support-annotations/28.0.0/ed73f5337a002d1fd24339d5fb08c2c9d9ca60d8/support-annotations-28.0.0.jar:/home/cpu60058/.gradle/caches/modules-2/files-2.1/com.android.support.constraint/constraint-layout-solver/1.1.3/bde0667d7414c16ed62d3cfe993cff7f9d732373/constraint-layout-solver-1.1.3.jar:/home/cpu60058/.gradle/caches/transforms-1/files-1.1/runtime-1.1.1.aar/e0b5cb00f76ccc92d2d9eff4e974a365/jars/classes.jar:/home/data/testing_kcpm/app/libs/commons-exec-1.3.jar:/home/data/testing_kcpm/app/libs/okhttp-3.10.0.jar:/home/data/testing_kcpm/app/libs/byte-buddy-1.8.15.jar:/home/cpu60058/.gradle/caches/transforms-1/files-1.1/customview-28.0.0.aar/2d1adbd866f512d0f11c2483e7712876/jars/classes.jar:/home/data/testing_kcpm/app/libs/client-combined-3.14.0-sources.jar:/home/data/testing_kcpm/app/libs/guava-25.0-jre.jar:/home/cpu60058/.gradle/caches/transforms-1/files-1.1/support-core-ui-28.0.0.aar/9b8aebdf26febd705e67cdf114fac34c/jars/classes.jar:/home/cpu60058/.gradle/caches/transforms-1/files-1.1/slidingpanelayout-28.0.0.aar/a5b0a010d1d328bdc4bfb3301b5433a6/jars/classes.jar:/home/cpu60058/.gradle/caches/transforms-1/files-1.1/viewmodel-1.1.1.aar/d9b6267f37dbb829068d5dddbd942dd1/jars/classes.jar:/home/cpu60058/.gradle/caches/modules-2/files-2.1/com.android.support/collections/28.0.0/c1bcdade4d3cc2836130424a3f3e4182c666a745/collections-28.0.0.jar:/home/data/testing_kcpm/app/libs/client-combined-3.14.0.jar:/home/data/testing_kcpm/app/libs/okio-1.14.1.jar:/home/cpu60058/.gradle/caches/transforms-1/files-1.1/documentfile-28.0.0.aar/073a178e75608ad44543ffd009470334/jars/classes.jar:/home/cpu60058/.gradle/caches/transforms-1/files-1.1/cursoradapter-28.0.0.aar/657a002a25a814362bfed2ecd7dc134f/jars/classes.jar:/home/cpu60058/.gradle/caches/transforms-1/files-1.1/asynclayoutinflater-28.0.0.aar/afe1d1316f58b1d49cdcfb4e91371126/jars/classes.jar:/home/data/testing_kcpm/app/libs/java-client-6.1.0.jar:/home/data/testing_kcpm/app/libs/commons-logging-1.2.jar:/home/cpu60058/.gradle/caches/modules-2/files-2.1/android.arch.core/common/1.1.1/e55b70d1f5620db124b3e85a7f4bdc7bd48d9f95/common-1.1.1.jar:/home/cpu60058/.gradle/caches/modules-2/files-2.1/org.assertj/assertj-core/3.11.1/fdac3217b804d6900fa3650f17b5cb48e620b140/assertj-core-3.11.1.jar:/home/cpu60058/.gradle/caches/modules-2/files-2.1/junit/junit/4.12/2973d150c0dc1fefe998f834810d68f278ea58ec/junit-4.12.jar:/home/cpu60058/.gradle/caches/modules-2/files-2.1/org.hamcrest/hamcrest-core/1.3/42a25dc3219429f0e5d060061f71acb49bf010a0/hamcrest-core-1.3.jar:/home/cpu60058/.gradle/caches/transforms-1/files-1.1/print-28.0.0.aar/455421166fa5996ca5b124c0923397cc/jars/classes.jar:/home/cpu60058/.gradle/caches/transforms-1/files-1.1/support-fragment-28.0.0.aar/4fcb5b98be3bd6b94921ba1b64aca82f/jars/classes.jar:/home/cpu60058/.gradle/caches/modules-2/files-2.1/android.arch.lifecycle/common/1.1.1/207a6efae6a3555e326de41f76bdadd9a239cbce/common-1.1.1.jar:/home/cpu60058/.gradle/caches/transforms-1/files-1.1/livedata-core-1.1.1.aar/c8ed4ceaeaf9e1f130671be413347cbd/jars/classes.jar:/home/cpu60058/.gradle/caches/transforms-1/files-1.1/support-compat-28.0.0.aar/21835fae74b8fbc55ba9adb534349fa2/res:/home/cpu60058/.gradle/caches/transforms-1/files-1.1/support-compat-28.0.0.aar/21835fae74b8fbc55ba9adb534349fa2/jars/classes.jar:/home/cpu60058/.gradle/caches/transforms-1/files-1.1/animated-vector-drawable-28.0.0.aar/f2737e877986c3fc6d9bd62129ac6233/jars/classes.jar:/home/cpu60058/.gradle/caches/transforms-1/files-1.1/appcompat-v7-28.0.0.aar/2fcbe3ecbb2e391f64edb79a9ed19e9d/jars/classes.jar:/home/cpu60058/.gradle/caches/transforms-1/files-1.1/appcompat-v7-28.0.0.aar/2fcbe3ecbb2e391f64edb79a9ed19e9d/res:/home/data/testing_kcpm/app/build/intermediates/sourceFolderJavaResources/test/debug:/home/data/testing_kcpm/app/build/intermediates/sourceFolderJavaResources/debug:/home/data/testing_kcpm/app/build/generated/mockable-android-28.v3.jar com.intellij.rt.execution.application.AppMainV2 com.intellij.rt.execution.junit.JUnitStarter -ideVersion5 com.example.thanh.testscript.ExampleUnitTest
Process finished with exit code 255
</output>
    </root>
    <test duration="23825" locationUrl="java:test://com.example.thanh.testscript.ExampleUnitTest.testRun" name="ExampleUnitTest.testRun" status="error">
        <output type="stdout">start
end
</output>
        <output type="stderr">org.openqa.selenium.WebDriverException: It is impossible to create a new session because &amp;#39;createSession&amp;#39; which takes HttpClient, InputStream and long was not found or it is not accessible
Build info: version: &amp;#39;3.14.0&amp;#39;, revision: &amp;#39;aacccce0&amp;#39;, time: &amp;#39;2018-08-02T20:05:20.749Z&amp;#39;
System info: host: &amp;#39;cpu60058-local&amp;#39;, ip: &amp;#39;127.0.1.1&amp;#39;, os.name: &amp;#39;Linux&amp;#39;, os.arch: &amp;#39;amd64&amp;#39;, os.version: &amp;#39;4.15.0-34-generic&amp;#39;, java.version: &amp;#39;1.8.0_152-release&amp;#39;
Driver info: driver.version: AndroidDriver
	at io.appium.java_client.remote.AppiumCommandExecutor$1.createSession(AppiumCommandExecutor.java:195)
	at io.appium.java_client.remote.AppiumCommandExecutor.createSession(AppiumCommandExecutor.java:209)
	at io.appium.java_client.remote.AppiumCommandExecutor.execute(AppiumCommandExecutor.java:231)
	at org.openqa.selenium.remote.RemoteWebDriver.execute(RemoteWebDriver.java:548)
	at io.appium.java_client.DefaultGenericMobileDriver.execute(DefaultGenericMobileDriver.java:42)
	at io.appium.java_client.AppiumDriver.execute(AppiumDriver.java:1)
	at io.appium.java_client.android.AndroidDriver.execute(AndroidDriver.java:1)
	at org.openqa.selenium.remote.RemoteWebDriver.startSession(RemoteWebDriver.java:212)
	at org.openqa.selenium.remote.RemoteWebDriver.&amp;lt;init&amp;gt;(RemoteWebDriver.java:130)
	at io.appium.java_client.DefaultGenericMobileDriver.&amp;lt;init&amp;gt;(DefaultGenericMobileDriver.java:38)
	at io.appium.java_client.AppiumDriver.&amp;lt;init&amp;gt;(AppiumDriver.java:84)
	at io.appium.java_client.AppiumDriver.&amp;lt;init&amp;gt;(AppiumDriver.java:94)
	at io.appium.java_client.android.AndroidDriver.&amp;lt;init&amp;gt;(AndroidDriver.java:93)
	at com.example.thanh.testscript.ExampleUnitTest.setUp(ExampleUnitTest.java:141)
	at sun.reflect.NativeMethodAccessorImpl.invoke0(Native Method)
	at sun.reflect.NativeMethodAccessorImpl.invoke(NativeMethodAccessorImpl.java:62)
	at sun.reflect.DelegatingMethodAccessorImpl.invoke(DelegatingMethodAccessorImpl.java:43)
	at java.lang.reflect.Method.invoke(Method.java:498)
	at org.junit.runners.model.FrameworkMethod$1.runReflectiveCall(FrameworkMethod.java:50)
	at org.junit.internal.runners.model.ReflectiveCallable.run(ReflectiveCallable.java:12)
	at org.junit.runners.model.FrameworkMethod.invokeExplosively(FrameworkMethod.java:47)
	at org.junit.internal.runners.statements.RunBefores.evaluate(RunBefores.java:24)
	at org.junit.internal.runners.statements.RunAfters.evaluate(RunAfters.java:27)
	at org.junit.runners.ParentRunner.runLeaf(ParentRunner.java:325)
	at org.junit.runners.BlockJUnit4ClassRunner.runChild(BlockJUnit4ClassRunner.java:78)
	at org.junit.runners.BlockJUnit4ClassRunner.runChild(BlockJUnit4ClassRunner.java:57)
	at org.junit.runners.ParentRunner$3.run(ParentRunner.java:290)
	at org.junit.runners.ParentRunner$1.schedule(ParentRunner.java:71)
	at org.junit.runners.ParentRunner.runChildren(ParentRunner.java:288)
	at org.junit.runners.ParentRunner.access$000(ParentRunner.java:58)
	at org.junit.runners.ParentRunner$2.evaluate(ParentRunner.java:268)
	at org.junit.runners.ParentRunner.run(ParentRunner.java:363)
	at org.junit.runner.JUnitCore.run(JUnitCore.java:137)
	at com.intellij.junit4.JUnit4IdeaTestRunner.startRunnerWithArgs(JUnit4IdeaTestRunner.java:68)
	at com.intellij.rt.execution.junit.IdeaTestRunner$Repeater.startRunnerWithArgs(IdeaTestRunner.java:47)
	at com.intellij.rt.execution.junit.JUnitStarter.prepareStreamsAndStart(JUnitStarter.java:242)
	at com.intellij.rt.execution.junit.JUnitStarter.main(JUnitStarter.java:70)
	at sun.reflect.NativeMethodAccessorImpl.invoke0(Native Method)
	at sun.reflect.NativeMethodAccessorImpl.invoke(NativeMethodAccessorImpl.java:62)
	at sun.reflect.DelegatingMethodAccessorImpl.invoke(DelegatingMethodAccessorImpl.java:43)
	at java.lang.reflect.Method.invoke(Method.java:498)
	at com.intellij.rt.execution.application.AppMainV2.main(AppMainV2.java:131)
Caused by: java.lang.reflect.InvocationTargetException
	at sun.reflect.NativeMethodAccessorImpl.invoke0(Native Method)
	at sun.reflect.NativeMethodAccessorImpl.invoke(NativeMethodAccessorImpl.java:62)
	at sun.reflect.DelegatingMethodAccessorImpl.invoke(DelegatingMethodAccessorImpl.java:43)
	at java.lang.reflect.Method.invoke(Method.java:498)
	at io.appium.java_client.remote.AppiumCommandExecutor$1.createSession(AppiumCommandExecutor.java:185)
	... 41 more
Caused by: java.io.IOException: unexpected end of stream on Connection{0.0.0.0:4723, proxy=DIRECT hostAddress=/0.0.0.0:4723 cipherSuite=none protocol=http/1.1}
	at okhttp3.internal.http1.Http1Codec.readResponseHeaders(Http1Codec.java:208)
	at okhttp3.internal.http.CallServerInterceptor.intercept(CallServerInterceptor.java:88)
	at okhttp3.internal.http.RealInterceptorChain.proceed(RealInterceptorChain.java:147)
	at okhttp3.internal.connection.ConnectInterceptor.intercept(ConnectInterceptor.java:45)
	at okhttp3.internal.http.RealInterceptorChain.proceed(RealInterceptorChain.java:147)
	at okhttp3.internal.http.RealInterceptorChain.proceed(RealInterceptorChain.java:121)
	at okhttp3.internal.cache.CacheInterceptor.intercept(CacheInterceptor.java:93)
	at okhttp3.internal.http.RealInterceptorChain.proceed(RealInterceptorChain.java:147)
	at okhttp3.internal.http.RealInterceptorChain.proceed(RealInterceptorChain.java:121)
	at okhttp3.internal.http.BridgeInterceptor.intercept(BridgeInterceptor.java:93)
	at okhttp3.internal.http.RealInterceptorChain.proceed(RealInterceptorChain.java:147)
	at okhttp3.internal.http.RetryAndFollowUpInterceptor.intercept(RetryAndFollowUpInterceptor.java:126)
	at okhttp3.internal.http.RealInterceptorChain.proceed(RealInterceptorChain.java:147)
	at okhttp3.internal.http.RealInterceptorChain.proceed(RealInterceptorChain.java:121)
	at okhttp3.RealCall.getResponseWithInterceptorChain(RealCall.java:200)
	at okhttp3.RealCall.execute(RealCall.java:77)
	at org.openqa.selenium.remote.internal.OkHttpClient.execute(OkHttpClient.java:105)
	at org.openqa.selenium.remote.ProtocolHandshake.createSession(ProtocolHandshake.java:101)
	... 46 more
Caused by: java.io.EOFException: \n not found: limit=0 content=â€¦
	at okio.RealBufferedSource.readUtf8LineStrict(RealBufferedSource.java:237)
	at okhttp3.internal.http1.Http1Codec.readHeaderLine(Http1Codec.java:215)
	at okhttp3.internal.http1.Http1Codec.readResponseHeaders(Http1Codec.java:189)
	... 63 more
java.lang.NullPointerException
	at com.example.thanh.testscript.ExampleUnitTest.afterTest(ExampleUnitTest.java:149)
	at sun.reflect.NativeMethodAccessorImpl.invoke0(Native Method)
	at sun.reflect.NativeMethodAccessorImpl.invoke(NativeMethodAccessorImpl.java:62)
	at sun.reflect.DelegatingMethodAccessorImpl.invoke(DelegatingMethodAccessorImpl.java:43)
	at java.lang.reflect.Method.invoke(Method.java:498)
	at org.junit.runners.model.FrameworkMethod$1.runReflectiveCall(FrameworkMethod.java:50)
	at org.junit.internal.runners.model.ReflectiveCallable.run(ReflectiveCallable.java:12)
	at org.junit.runners.model.FrameworkMethod.invokeExplosively(FrameworkMethod.java:47)
	at org.junit.internal.runners.statements.RunAfters.evaluate(RunAfters.java:33)
	at org.junit.runners.ParentRunner.runLeaf(ParentRunner.java:325)
	at org.junit.runners.BlockJUnit4ClassRunner.runChild(BlockJUnit4ClassRunner.java:78)
	at org.junit.runners.BlockJUnit4ClassRunner.runChild(BlockJUnit4ClassRunner.java:57)
	at org.junit.runners.ParentRunner$3.run(ParentRunner.java:290)
	at org.junit.runners.ParentRunner$1.schedule(ParentRunner.java:71)
	at org.junit.runners.ParentRunner.runChildren(ParentRunner.java:288)
	at org.junit.runners.ParentRunner.access$000(ParentRunner.java:58)
	at org.junit.runners.ParentRunner$2.evaluate(ParentRunner.java:268)
	at org.junit.runners.ParentRunner.run(ParentRunner.java:363)
	at org.junit.runner.JUnitCore.run(JUnitCore.java:137)
	at com.intellij.junit4.JUnit4IdeaTestRunner.startRunnerWithArgs(JUnit4IdeaTestRunner.java:68)
	at com.intellij.rt.execution.junit.IdeaTestRunner$Repeater.startRunnerWithArgs(IdeaTestRunner.java:47)
	at com.intellij.rt.execution.junit.JUnitStarter.prepareStreamsAndStart(JUnitStarter.java:242)
	at com.intellij.rt.execution.junit.JUnitStarter.main(JUnitStarter.java:70)
	at sun.reflect.NativeMethodAccessorImpl.invoke0(Native Method)
	at sun.reflect.NativeMethodAccessorImpl.invoke(NativeMethodAccessorImpl.java:62)
	at sun.reflect.DelegatingMethodAccessorImpl.invoke(DelegatingMethodAccessorImpl.java:43)
	at java.lang.reflect.Method.invoke(Method.java:498)
	at com.intellij.rt.execution.application.AppMainV2.main(AppMainV2.java:131)
</output>
    </test>
</testrun>
